<?xml version="1.0" encoding="UTF-8"?>
<!-- Generated by org.testng.reporters.JUnitXMLReporter -->
<testsuite ignored="0" hostname="Nithishs-MacBook-Pro-2.local" failures="0" tests="2" name="Error Validation Test" time="15.522" errors="0" timestamp="2025-10-15T19:31:22 EDT">
  <testcase classname="nithishpandian.tests.ErrorValidationTest" name="loginErrorValidation" time="1.227"/>
  <testcase classname="nithishpandian.tests.ErrorValidationTest" name="productErrorValidation" time="3.047"/>
</testsuite> <!-- Error Validation Test -->
