<?xml version="1.0" encoding="UTF-8"?>
<!-- Generated by org.testng.reporters.JUnitXMLReporter -->
<testsuite ignored="0" hostname="Nithishs-MacBook-Pro-2.local" failures="0" tests="5" name="Submit Order Test" time="49.435" errors="0" timestamp="2025-10-15T19:31:56 EDT">
  <testcase classname="nithishpandian.tests.SubmitOrderTest" name="submitOrder" time="5.189"/>
  <testcase classname="nithishpandian.tests.SubmitOrderTest" name="submitOrder" time="7.59"/>
  <testcase classname="nithishpandian.tests.SubmitOrderTest" name="submitOrder1" time="7.23"/>
  <testcase classname="nithishpandian.tests.SubmitOrderTest" name="submitOrder1" time="4.436"/>
  <testcase classname="nithishpandian.tests.SubmitOrderTest" name="orderHistoryTest" time="1.64"/>
</testsuite> <!-- Submit Order Test -->
