<?xml version="1.0" encoding="UTF-8"?>
<testng-results ignored="0" total="7" passed="7" failed="0" skipped="0">
  <reporter-output>
  </reporter-output>
  <suite started-at="2025-10-15T19:31:06 EDT" name="Suite" finished-at="2025-10-15T19:31:56 EDT" duration-ms="49435">
    <groups>
      <group name="Purchase">
        <method signature="SubmitOrderTest.submitOrder(java.lang.String,java.lang.String,java.lang.String)[pri:0, instance:nithishpandian.tests.SubmitOrderTest@59402b8f]" name="submitOrder" class="nithishpandian.tests.SubmitOrderTest"/>
      </group> <!-- Purchase -->
      <group name="Purchase1">
        <method signature="SubmitOrderTest.submitOrder1(java.util.HashMap)[pri:0, instance:nithishpandian.tests.SubmitOrderTest@59402b8f]" name="submitOrder1" class="nithishpandian.tests.SubmitOrderTest"/>
      </group> <!-- Purchase1 -->
      <group name="ErrorHandilng">
        <method signature="ErrorValidationTest.loginErrorValidation()[pri:0, instance:nithishpandian.tests.ErrorValidationTest@1500b2f3]" name="loginErrorValidation" class="nithishpandian.tests.ErrorValidationTest"/>
      </group> <!-- ErrorHandilng -->
    </groups>
    <test started-at="2025-10-15T19:31:06 EDT" name="Error Validation Test" finished-at="2025-10-15T19:31:22 EDT" duration-ms="15522">
      <class name="nithishpandian.tests.ErrorValidationTest">
        <test-method is-config="true" signature="launchApplication()[pri:0, instance:nithishpandian.tests.ErrorValidationTest@1500b2f3]" started-at="2025-10-15T19:31:06 EDT" name="launchApplication" finished-at="2025-10-15T19:31:12 EDT" duration-ms="5894" status="PASS">
          <reporter-output>
          </reporter-output>
        </test-method> <!-- launchApplication -->
        <test-method signature="loginErrorValidation()[pri:0, instance:nithishpandian.tests.ErrorValidationTest@1500b2f3]" started-at="2025-10-15T19:31:12 EDT" name="loginErrorValidation" finished-at="2025-10-15T19:31:13 EDT" duration-ms="1227" status="PASS">
          <reporter-output>
          </reporter-output>
        </test-method> <!-- loginErrorValidation -->
        <test-method is-config="true" signature="tearDown()[pri:0, instance:nithishpandian.tests.ErrorValidationTest@1500b2f3]" started-at="2025-10-15T19:31:13 EDT" name="tearDown" finished-at="2025-10-15T19:31:13 EDT" duration-ms="145" status="PASS">
          <reporter-output>
          </reporter-output>
        </test-method> <!-- tearDown -->
        <test-method is-config="true" signature="launchApplication()[pri:0, instance:nithishpandian.tests.ErrorValidationTest@1500b2f3]" started-at="2025-10-15T19:31:13 EDT" name="launchApplication" finished-at="2025-10-15T19:31:18 EDT" duration-ms="5075" status="PASS">
          <reporter-output>
          </reporter-output>
        </test-method> <!-- launchApplication -->
        <test-method signature="productErrorValidation()[pri:0, instance:nithishpandian.tests.ErrorValidationTest@1500b2f3]" started-at="2025-10-15T19:31:19 EDT" name="productErrorValidation" finished-at="2025-10-15T19:31:22 EDT" duration-ms="3047" status="PASS">
          <reporter-output>
          </reporter-output>
        </test-method> <!-- productErrorValidation -->
        <test-method is-config="true" signature="tearDown()[pri:0, instance:nithishpandian.tests.ErrorValidationTest@1500b2f3]" started-at="2025-10-15T19:31:22 EDT" name="tearDown" finished-at="2025-10-15T19:31:22 EDT" duration-ms="90" status="PASS">
          <reporter-output>
          </reporter-output>
        </test-method> <!-- tearDown -->
      </class> <!-- nithishpandian.tests.ErrorValidationTest -->
    </test> <!-- Error Validation Test -->
    <test started-at="2025-10-15T19:31:06 EDT" name="Submit Order Test" finished-at="2025-10-15T19:31:56 EDT" duration-ms="49435">
      <class name="nithishpandian.tests.SubmitOrderTest">
        <test-method is-config="true" signature="launchApplication()[pri:0, instance:nithishpandian.tests.SubmitOrderTest@59402b8f]" started-at="2025-10-15T19:31:06 EDT" name="launchApplication" finished-at="2025-10-15T19:31:12 EDT" duration-ms="6055" status="PASS">
          <reporter-output>
          </reporter-output>
        </test-method> <!-- launchApplication -->
        <test-method signature="submitOrder(java.lang.String,java.lang.String,java.lang.String)[pri:0, instance:nithishpandian.tests.SubmitOrderTest@59402b8f]" started-at="2025-10-15T19:31:12 EDT" name="submitOrder" data-provider="getData" finished-at="2025-10-15T19:31:17 EDT" duration-ms="5189" status="PASS">
          <params>
            <param index="0">
              <value>
                <![CDATA[scottmcall41@gmail.com]]>
              </value>
            </param>
            <param index="1">
              <value>
                <![CDATA[Scottmcall41]]>
              </value>
            </param>
            <param index="2">
              <value>
                <![CDATA[ZARA COAT 3]]>
              </value>
            </param>
          </params>
          <reporter-output>
          </reporter-output>
        </test-method> <!-- submitOrder -->
        <test-method is-config="true" signature="tearDown()[pri:0, instance:nithishpandian.tests.SubmitOrderTest@59402b8f]" started-at="2025-10-15T19:31:17 EDT" name="tearDown" finished-at="2025-10-15T19:31:17 EDT" duration-ms="91" status="PASS">
          <reporter-output>
          </reporter-output>
        </test-method> <!-- tearDown -->
        <test-method is-config="true" signature="launchApplication()[pri:0, instance:nithishpandian.tests.SubmitOrderTest@59402b8f]" started-at="2025-10-15T19:31:17 EDT" name="launchApplication" finished-at="2025-10-15T19:31:20 EDT" duration-ms="2534" status="PASS">
          <reporter-output>
          </reporter-output>
        </test-method> <!-- launchApplication -->
        <test-method signature="submitOrder(java.lang.String,java.lang.String,java.lang.String)[pri:0, instance:nithishpandian.tests.SubmitOrderTest@59402b8f]" started-at="2025-10-15T19:31:20 EDT" name="submitOrder" data-provider="getData" finished-at="2025-10-15T19:31:28 EDT" duration-ms="7590" status="PASS">
          <params>
            <param index="0">
              <value>
                <![CDATA[scottmcall41@gmail.com]]>
              </value>
            </param>
            <param index="1">
              <value>
                <![CDATA[Scottmcall41]]>
              </value>
            </param>
            <param index="2">
              <value>
                <![CDATA[ADIDAS ORIGINAL]]>
              </value>
            </param>
          </params>
          <reporter-output>
          </reporter-output>
        </test-method> <!-- submitOrder -->
        <test-method is-config="true" signature="tearDown()[pri:0, instance:nithishpandian.tests.SubmitOrderTest@59402b8f]" started-at="2025-10-15T19:31:28 EDT" name="tearDown" finished-at="2025-10-15T19:31:28 EDT" duration-ms="136" status="PASS">
          <reporter-output>
          </reporter-output>
        </test-method> <!-- tearDown -->
        <test-method is-config="true" signature="launchApplication()[pri:0, instance:nithishpandian.tests.SubmitOrderTest@59402b8f]" started-at="2025-10-15T19:31:28 EDT" name="launchApplication" finished-at="2025-10-15T19:31:31 EDT" duration-ms="2716" status="PASS">
          <reporter-output>
          </reporter-output>
        </test-method> <!-- launchApplication -->
        <test-method signature="submitOrder1(java.util.HashMap)[pri:0, instance:nithishpandian.tests.SubmitOrderTest@59402b8f]" started-at="2025-10-15T19:31:31 EDT" name="submitOrder1" data-provider="getData1" finished-at="2025-10-15T19:31:38 EDT" duration-ms="7230" status="PASS">
          <params>
            <param index="0">
              <value>
                <![CDATA[{password=Scottmcall41, email=scottmcall41@gmail.com, productName=ZARA COAT 3}]]>
              </value>
            </param>
          </params>
          <reporter-output>
          </reporter-output>
        </test-method> <!-- submitOrder1 -->
        <test-method is-config="true" signature="tearDown()[pri:0, instance:nithishpandian.tests.SubmitOrderTest@59402b8f]" started-at="2025-10-15T19:31:38 EDT" name="tearDown" finished-at="2025-10-15T19:31:38 EDT" duration-ms="113" status="PASS">
          <reporter-output>
          </reporter-output>
        </test-method> <!-- tearDown -->
        <test-method is-config="true" signature="launchApplication()[pri:0, instance:nithishpandian.tests.SubmitOrderTest@59402b8f]" started-at="2025-10-15T19:31:38 EDT" name="launchApplication" finished-at="2025-10-15T19:31:44 EDT" duration-ms="5980" status="PASS">
          <reporter-output>
          </reporter-output>
        </test-method> <!-- launchApplication -->
        <test-method signature="submitOrder1(java.util.HashMap)[pri:0, instance:nithishpandian.tests.SubmitOrderTest@59402b8f]" started-at="2025-10-15T19:31:44 EDT" name="submitOrder1" data-provider="getData1" finished-at="2025-10-15T19:31:48 EDT" duration-ms="4436" status="PASS">
          <params>
            <param index="0">
              <value>
                <![CDATA[{password=Scottmcall41, email=scottmcall41@gmail.com, productName=ADIDAS ORIGINAL}]]>
              </value>
            </param>
          </params>
          <reporter-output>
          </reporter-output>
        </test-method> <!-- submitOrder1 -->
        <test-method is-config="true" signature="tearDown()[pri:0, instance:nithishpandian.tests.SubmitOrderTest@59402b8f]" started-at="2025-10-15T19:31:48 EDT" name="tearDown" finished-at="2025-10-15T19:31:49 EDT" duration-ms="174" status="PASS">
          <reporter-output>
          </reporter-output>
        </test-method> <!-- tearDown -->
        <test-method is-config="true" signature="launchApplication()[pri:0, instance:nithishpandian.tests.SubmitOrderTest@59402b8f]" started-at="2025-10-15T19:31:49 EDT" name="launchApplication" finished-at="2025-10-15T19:31:54 EDT" duration-ms="5230" status="PASS">
          <reporter-output>
          </reporter-output>
        </test-method> <!-- launchApplication -->
        <test-method signature="orderHistoryTest()[pri:0, instance:nithishpandian.tests.SubmitOrderTest@59402b8f]" started-at="2025-10-15T19:31:54 EDT" name="orderHistoryTest" finished-at="2025-10-15T19:31:55 EDT" depends-on-methods="nithishpandian.tests.SubmitOrderTest.submitOrder" duration-ms="1640" status="PASS">
          <reporter-output>
          </reporter-output>
        </test-method> <!-- orderHistoryTest -->
        <test-method is-config="true" signature="tearDown()[pri:0, instance:nithishpandian.tests.SubmitOrderTest@59402b8f]" started-at="2025-10-15T19:31:55 EDT" name="tearDown" finished-at="2025-10-15T19:31:56 EDT" duration-ms="64" status="PASS">
          <reporter-output>
          </reporter-output>
        </test-method> <!-- tearDown -->
      </class> <!-- nithishpandian.tests.SubmitOrderTest -->
    </test> <!-- Submit Order Test -->
  </suite> <!-- Suite -->
</testng-results>
