<?xml version="1.0" encoding="UTF-8"?>
<!-- Generated by org.testng.reporters.JUnitReportReporter -->
<testsuite hostname="Nithishs-MacBook-Pro-2.local" failures="0" tests="5" name="nithishpandian.tests.SubmitOrderTest" time="49.178" errors="0" timestamp="2025-10-15T19:31:56 EDT" skipped="0">
  <testcase classname="nithishpandian.tests.SubmitOrderTest" name="submitOrder" time="12.933"/>
  <testcase classname="nithishpandian.tests.SubmitOrderTest" name="submitOrder1" time="9.938"/>
  <testcase classname="nithishpandian.tests.SubmitOrderTest" name="orderHistoryTest" time="7.684"/>
  <testcase classname="nithishpandian.tests.SubmitOrderTest" name="submitOrder1" time="10.582"/>
  <testcase classname="nithishpandian.tests.SubmitOrderTest" name="submitOrder" time="8.041"/>
</testsuite> <!-- nithishpandian.tests.SubmitOrderTest -->
