<?xml version="1.0" encoding="UTF-8"?>
<!-- Generated by org.testng.reporters.JUnitReportReporter -->
<testsuite hostname="Nithishs-MacBook-Pro-2.local" failures="0" tests="2" name="nithishpandian.tests.ErrorValidationTest" time="15.478" errors="0" timestamp="2025-10-15T19:31:56 EDT" skipped="0">
  <testcase classname="nithishpandian.tests.ErrorValidationTest" name="productErrorValidation" time="8.212"/>
  <testcase classname="nithishpandian.tests.ErrorValidationTest" name="loginErrorValidation" time="7.266"/>
</testsuite> <!-- nithishpandian.tests.ErrorValidationTest -->
